<?xml version="1.0" encoding="UTF-8"?>
<testsuite xmlns:xsi="http://www.w3.org/2001/XMLSchema-instance" xsi:noNamespaceSchemaLocation="https://maven.apache.org/surefire/maven-surefire-plugin/xsd/surefire-test-report-3.0.xsd" version="3.0" name="org.course.challenge05.GenericsExerciseTest" time="0.202" tests="0" errors="0" skipped="0" failures="0">
  <properties>
    <property name="java.specification.version" value="17"/>
    <property name="sun.cpu.isalist" value="amd64"/>
    <property name="sun.jnu.encoding" value="Cp1252"/>
    <property name="java.class.path" value="C:\Users\M67A201\Documents\training\kotlin-training-main\target\test-classes;C:\Users\M67A201\Documents\training\kotlin-training-main\target\classes;C:\Users\M67A201\.m2\repository\org\jetbrains\kotlin\kotlin-stdlib\1.7.20\kotlin-stdlib-1.7.20.jar;C:\Users\M67A201\.m2\repository\org\jetbrains\kotlin\kotlin-stdlib-common\1.7.20\kotlin-stdlib-common-1.7.20.jar;C:\Users\M67A201\.m2\repository\org\jetbrains\annotations\13.0\annotations-13.0.jar;C:\Users\M67A201\.m2\repository\org\jetbrains\kotlin\kotlin-reflect\1.7.20\kotlin-reflect-1.7.20.jar;C:\Users\M67A201\.m2\repository\org\jetbrains\kotlinx\kotlinx-coroutines-core\1.6.4\kotlinx-coroutines-core-1.6.4.jar;C:\Users\M67A201\.m2\repository\org\jetbrains\kotlinx\kotlinx-coroutines-jdk8\1.6.4\kotlinx-coroutines-jdk8-1.6.4.jar;C:\Users\M67A201\.m2\repository\org\jetbrains\kotlin\kotlin-stdlib-jdk8\1.7.20\kotlin-stdlib-jdk8-1.7.20.jar;C:\Users\M67A201\.m2\repository\org\jetbrains\kotlin\kotlin-stdlib-jdk7\1.7.20\kotlin-stdlib-jdk7-1.7.20.jar;C:\Users\M67A201\.m2\repository\org\jetbrains\kotlinx\kotlinx-coroutines-reactor\1.6.4\kotlinx-coroutines-reactor-1.6.4.jar;C:\Users\M67A201\.m2\repository\io\projectreactor\reactor-core\3.5.2\reactor-core-3.5.2.jar;C:\Users\M67A201\.m2\repository\org\jetbrains\kotlinx\kotlinx-coroutines-core-jvm\1.6.4\kotlinx-coroutines-core-jvm-1.6.4.jar;C:\Users\M67A201\.m2\repository\org\jetbrains\kotlinx\kotlinx-coroutines-reactive\1.6.4\kotlinx-coroutines-reactive-1.6.4.jar;C:\Users\M67A201\.m2\repository\org\reactivestreams\reactive-streams\1.0.4\reactive-streams-1.0.4.jar;C:\Users\M67A201\.m2\repository\org\springframework\boot\spring-boot-starter\3.0.2\spring-boot-starter-3.0.2.jar;C:\Users\M67A201\.m2\repository\org\springframework\boot\spring-boot\3.0.2\spring-boot-3.0.2.jar;C:\Users\M67A201\.m2\repository\org\springframework\boot\spring-boot-autoconfigure\3.0.2\spring-boot-autoconfigure-3.0.2.jar;C:\Users\M67A201\.m2\repository\org\springframework\boot\spring-boot-starter-logging\3.0.2\spring-boot-starter-logging-3.0.2.jar;C:\Users\M67A201\.m2\repository\ch\qos\logback\logback-classic\1.4.5\logback-classic-1.4.5.jar;C:\Users\M67A201\.m2\repository\ch\qos\logback\logback-core\1.4.5\logback-core-1.4.5.jar;C:\Users\M67A201\.m2\repository\org\apache\logging\log4j\log4j-to-slf4j\2.19.0\log4j-to-slf4j-2.19.0.jar;C:\Users\M67A201\.m2\repository\org\apache\logging\log4j\log4j-api\2.19.0\log4j-api-2.19.0.jar;C:\Users\M67A201\.m2\repository\org\slf4j\jul-to-slf4j\2.0.6\jul-to-slf4j-2.0.6.jar;C:\Users\M67A201\.m2\repository\jakarta\annotation\jakarta.annotation-api\2.1.1\jakarta.annotation-api-2.1.1.jar;C:\Users\M67A201\.m2\repository\org\springframework\spring-core\6.0.4\spring-core-6.0.4.jar;C:\Users\M67A201\.m2\repository\org\springframework\spring-jcl\6.0.4\spring-jcl-6.0.4.jar;C:\Users\M67A201\.m2\repository\org\yaml\snakeyaml\1.33\snakeyaml-1.33.jar;C:\Users\M67A201\.m2\repository\org\springframework\boot\spring-boot-starter-web\3.0.2\spring-boot-starter-web-3.0.2.jar;C:\Users\M67A201\.m2\repository\org\springframework\boot\spring-boot-starter-json\3.0.2\spring-boot-starter-json-3.0.2.jar;C:\Users\M67A201\.m2\repository\com\fasterxml\jackson\datatype\jackson-datatype-jdk8\2.14.1\jackson-datatype-jdk8-2.14.1.jar;C:\Users\M67A201\.m2\repository\com\fasterxml\jackson\datatype\jackson-datatype-jsr310\2.14.1\jackson-datatype-jsr310-2.14.1.jar;C:\Users\M67A201\.m2\repository\com\fasterxml\jackson\module\jackson-module-parameter-names\2.14.1\jackson-module-parameter-names-2.14.1.jar;C:\Users\M67A201\.m2\repository\org\springframework\boot\spring-boot-starter-tomcat\3.0.2\spring-boot-starter-tomcat-3.0.2.jar;C:\Users\M67A201\.m2\repository\org\apache\tomcat\embed\tomcat-embed-core\10.1.5\tomcat-embed-core-10.1.5.jar;C:\Users\M67A201\.m2\repository\org\apache\tomcat\embed\tomcat-embed-el\10.1.5\tomcat-embed-el-10.1.5.jar;C:\Users\M67A201\.m2\repository\org\apache\tomcat\embed\tomcat-embed-websocket\10.1.5\tomcat-embed-websocket-10.1.5.jar;C:\Users\M67A201\.m2\repository\org\springframework\spring-web\6.0.4\spring-web-6.0.4.jar;C:\Users\M67A201\.m2\repository\org\springframework\spring-beans\6.0.4\spring-beans-6.0.4.jar;C:\Users\M67A201\.m2\repository\io\micrometer\micrometer-observation\1.10.3\micrometer-observation-1.10.3.jar;C:\Users\M67A201\.m2\repository\io\micrometer\micrometer-commons\1.10.3\micrometer-commons-1.10.3.jar;C:\Users\M67A201\.m2\repository\org\springframework\spring-webmvc\6.0.4\spring-webmvc-6.0.4.jar;C:\Users\M67A201\.m2\repository\org\springframework\spring-aop\6.0.4\spring-aop-6.0.4.jar;C:\Users\M67A201\.m2\repository\org\springframework\spring-expression\6.0.4\spring-expression-6.0.4.jar;C:\Users\M67A201\.m2\repository\org\springframework\boot\spring-boot-starter-webflux\3.0.2\spring-boot-starter-webflux-3.0.2.jar;C:\Users\M67A201\.m2\repository\org\springframework\boot\spring-boot-starter-reactor-netty\3.0.2\spring-boot-starter-reactor-netty-3.0.2.jar;C:\Users\M67A201\.m2\repository\io\projectreactor\netty\reactor-netty-http\1.1.2\reactor-netty-http-1.1.2.jar;C:\Users\M67A201\.m2\repository\io\netty\netty-codec-http\4.1.87.Final\netty-codec-http-4.1.87.Final.jar;C:\Users\M67A201\.m2\repository\io\netty\netty-common\4.1.87.Final\netty-common-4.1.87.Final.jar;C:\Users\M67A201\.m2\repository\io\netty\netty-buffer\4.1.87.Final\netty-buffer-4.1.87.Final.jar;C:\Users\M67A201\.m2\repository\io\netty\netty-transport\4.1.87.Final\netty-transport-4.1.87.Final.jar;C:\Users\M67A201\.m2\repository\io\netty\netty-codec\4.1.87.Final\netty-codec-4.1.87.Final.jar;C:\Users\M67A201\.m2\repository\io\netty\netty-handler\4.1.87.Final\netty-handler-4.1.87.Final.jar;C:\Users\M67A201\.m2\repository\io\netty\netty-codec-http2\4.1.87.Final\netty-codec-http2-4.1.87.Final.jar;C:\Users\M67A201\.m2\repository\io\netty\netty-resolver-dns\4.1.87.Final\netty-resolver-dns-4.1.87.Final.jar;C:\Users\M67A201\.m2\repository\io\netty\netty-resolver\4.1.87.Final\netty-resolver-4.1.87.Final.jar;C:\Users\M67A201\.m2\repository\io\netty\netty-codec-dns\4.1.87.Final\netty-codec-dns-4.1.87.Final.jar;C:\Users\M67A201\.m2\repository\io\netty\netty-resolver-dns-native-macos\4.1.87.Final\netty-resolver-dns-native-macos-4.1.87.Final-osx-x86_64.jar;C:\Users\M67A201\.m2\repository\io\netty\netty-resolver-dns-classes-macos\4.1.87.Final\netty-resolver-dns-classes-macos-4.1.87.Final.jar;C:\Users\M67A201\.m2\repository\io\netty\netty-transport-native-epoll\4.1.87.Final\netty-transport-native-epoll-4.1.87.Final-linux-x86_64.jar;C:\Users\M67A201\.m2\repository\io\netty\netty-transport-native-unix-common\4.1.87.Final\netty-transport-native-unix-common-4.1.87.Final.jar;C:\Users\M67A201\.m2\repository\io\netty\netty-transport-classes-epoll\4.1.87.Final\netty-transport-classes-epoll-4.1.87.Final.jar;C:\Users\M67A201\.m2\repository\io\projectreactor\netty\reactor-netty-core\1.1.2\reactor-netty-core-1.1.2.jar;C:\Users\M67A201\.m2\repository\io\netty\netty-handler-proxy\4.1.87.Final\netty-handler-proxy-4.1.87.Final.jar;C:\Users\M67A201\.m2\repository\io\netty\netty-codec-socks\4.1.87.Final\netty-codec-socks-4.1.87.Final.jar;C:\Users\M67A201\.m2\repository\org\springframework\spring-webflux\6.0.4\spring-webflux-6.0.4.jar;C:\Users\M67A201\.m2\repository\com\fasterxml\jackson\core\jackson-databind\2.14.1\jackson-databind-2.14.1.jar;C:\Users\M67A201\.m2\repository\com\fasterxml\jackson\core\jackson-annotations\2.14.1\jackson-annotations-2.14.1.jar;C:\Users\M67A201\.m2\repository\com\fasterxml\jackson\core\jackson-core\2.14.1\jackson-core-2.14.1.jar;C:\Users\M67A201\.m2\repository\com\fasterxml\jackson\module\jackson-module-kotlin\2.14.1\jackson-module-kotlin-2.14.1.jar;C:\Users\M67A201\.m2\repository\com\fasterxml\jackson\dataformat\jackson-dataformat-xml\2.14.1\jackson-dataformat-xml-2.14.1.jar;C:\Users\M67A201\.m2\repository\org\codehaus\woodstox\stax2-api\4.2.1\stax2-api-4.2.1.jar;C:\Users\M67A201\.m2\repository\com\fasterxml\woodstox\woodstox-core\6.4.0\woodstox-core-6.4.0.jar;C:\Users\M67A201\.m2\repository\org\springframework\boot\spring-boot-starter-data-jpa\3.0.2\spring-boot-starter-data-jpa-3.0.2.jar;C:\Users\M67A201\.m2\repository\org\springframework\boot\spring-boot-starter-aop\3.0.2\spring-boot-starter-aop-3.0.2.jar;C:\Users\M67A201\.m2\repository\org\aspectj\aspectjweaver\1.9.19\aspectjweaver-1.9.19.jar;C:\Users\M67A201\.m2\repository\org\springframework\boot\spring-boot-starter-jdbc\3.0.2\spring-boot-starter-jdbc-3.0.2.jar;C:\Users\M67A201\.m2\repository\com\zaxxer\HikariCP\5.0.1\HikariCP-5.0.1.jar;C:\Users\M67A201\.m2\repository\org\springframework\spring-jdbc\6.0.4\spring-jdbc-6.0.4.jar;C:\Users\M67A201\.m2\repository\org\hibernate\orm\hibernate-core\6.1.6.Final\hibernate-core-6.1.6.Final.jar;C:\Users\M67A201\.m2\repository\jakarta\persistence\jakarta.persistence-api\3.1.0\jakarta.persistence-api-3.1.0.jar;C:\Users\M67A201\.m2\repository\jakarta\transaction\jakarta.transaction-api\2.0.1\jakarta.transaction-api-2.0.1.jar;C:\Users\M67A201\.m2\repository\org\jboss\logging\jboss-logging\3.5.0.Final\jboss-logging-3.5.0.Final.jar;C:\Users\M67A201\.m2\repository\org\hibernate\common\hibernate-commons-annotations\6.0.2.Final\hibernate-commons-annotations-6.0.2.Final.jar;C:\Users\M67A201\.m2\repository\org\jboss\jandex\2.4.2.Final\jandex-2.4.2.Final.jar;C:\Users\M67A201\.m2\repository\com\fasterxml\classmate\1.5.1\classmate-1.5.1.jar;C:\Users\M67A201\.m2\repository\net\bytebuddy\byte-buddy\1.12.22\byte-buddy-1.12.22.jar;C:\Users\M67A201\.m2\repository\org\glassfish\jaxb\jaxb-runtime\4.0.1\jaxb-runtime-4.0.1.jar;C:\Users\M67A201\.m2\repository\org\glassfish\jaxb\jaxb-core\4.0.1\jaxb-core-4.0.1.jar;C:\Users\M67A201\.m2\repository\org\eclipse\angus\angus-activation\1.0.0\angus-activation-1.0.0.jar;C:\Users\M67A201\.m2\repository\org\glassfish\jaxb\txw2\4.0.1\txw2-4.0.1.jar;C:\Users\M67A201\.m2\repository\com\sun\istack\istack-commons-runtime\4.1.1\istack-commons-runtime-4.1.1.jar;C:\Users\M67A201\.m2\repository\jakarta\inject\jakarta.inject-api\2.0.0\jakarta.inject-api-2.0.0.jar;C:\Users\M67A201\.m2\repository\org\antlr\antlr4-runtime\4.10.1\antlr4-runtime-4.10.1.jar;C:\Users\M67A201\.m2\repository\org\springframework\data\spring-data-jpa\3.0.1\spring-data-jpa-3.0.1.jar;C:\Users\M67A201\.m2\repository\org\springframework\data\spring-data-commons\3.0.1\spring-data-commons-3.0.1.jar;C:\Users\M67A201\.m2\repository\org\springframework\spring-orm\6.0.4\spring-orm-6.0.4.jar;C:\Users\M67A201\.m2\repository\org\springframework\spring-tx\6.0.4\spring-tx-6.0.4.jar;C:\Users\M67A201\.m2\repository\org\slf4j\slf4j-api\2.0.6\slf4j-api-2.0.6.jar;C:\Users\M67A201\.m2\repository\org\springframework\spring-aspects\6.0.4\spring-aspects-6.0.4.jar;C:\Users\M67A201\.m2\repository\org\jetbrains\kotlin\kotlin-script-runtime\1.7.20\kotlin-script-runtime-1.7.20.jar;C:\Users\M67A201\.m2\repository\com\h2database\h2\2.1.214\h2-2.1.214.jar;C:\Users\M67A201\.m2\repository\io\kotest\kotest-runner-junit5-jvm\5.5.3\kotest-runner-junit5-jvm-5.5.3.jar;C:\Users\M67A201\.m2\repository\io\kotest\kotest-framework-api-jvm\5.5.3\kotest-framework-api-jvm-5.5.3.jar;C:\Users\M67A201\.m2\repository\io\kotest\kotest-assertions-shared-jvm\5.5.3\kotest-assertions-shared-jvm-5.5.3.jar;C:\Users\M67A201\.m2\repository\io\github\java-diff-utils\java-diff-utils\4.12\java-diff-utils-4.12.jar;C:\Users\M67A201\.m2\repository\org\jetbrains\kotlinx\kotlinx-coroutines-test-jvm\1.6.4\kotlinx-coroutines-test-jvm-1.6.4.jar;C:\Users\M67A201\.m2\repository\io\kotest\kotest-common-jvm\5.5.3\kotest-common-jvm-5.5.3.jar;C:\Users\M67A201\.m2\repository\io\kotest\kotest-framework-engine-jvm\5.5.3\kotest-framework-engine-jvm-5.5.3.jar;C:\Users\M67A201\.m2\repository\io\github\classgraph\classgraph\4.8.149\classgraph-4.8.149.jar;C:\Users\M67A201\.m2\repository\com\github\ajalt\mordant\1.2.1\mordant-1.2.1.jar;C:\Users\M67A201\.m2\repository\com\github\ajalt\colormath\1.2.0\colormath-1.2.0.jar;C:\Users\M67A201\.m2\repository\org\opentest4j\opentest4j\1.2.0\opentest4j-1.2.0.jar;C:\Users\M67A201\.m2\repository\org\jetbrains\kotlinx\kotlinx-coroutines-debug\1.6.4\kotlinx-coroutines-debug-1.6.4.jar;C:\Users\M67A201\.m2\repository\net\java\dev\jna\jna\5.9.0\jna-5.9.0.jar;C:\Users\M67A201\.m2\repository\net\java\dev\jna\jna-platform\5.9.0\jna-platform-5.9.0.jar;C:\Users\M67A201\.m2\repository\io\kotest\kotest-framework-discovery-jvm\5.5.3\kotest-framework-discovery-jvm-5.5.3.jar;C:\Users\M67A201\.m2\repository\io\kotest\kotest-assertions-core-jvm\5.5.3\kotest-assertions-core-jvm-5.5.3.jar;C:\Users\M67A201\.m2\repository\io\kotest\kotest-assertions-api-jvm\5.5.3\kotest-assertions-api-jvm-5.5.3.jar;C:\Users\M67A201\.m2\repository\io\kotest\kotest-extensions-jvm\5.5.3\kotest-extensions-jvm-5.5.3.jar;C:\Users\M67A201\.m2\repository\commons-io\commons-io\2.11.0\commons-io-2.11.0.jar;C:\Users\M67A201\.m2\repository\io\mockk\mockk-jvm\1.13.1\mockk-jvm-1.13.1.jar;C:\Users\M67A201\.m2\repository\io\mockk\mockk-agent-api-jvm\1.13.1\mockk-agent-api-jvm-1.13.1.jar;C:\Users\M67A201\.m2\repository\io\mockk\mockk-core-jvm\1.13.1\mockk-core-jvm-1.13.1.jar;C:\Users\M67A201\.m2\repository\junit\junit\4.13.2\junit-4.13.2.jar;C:\Users\M67A201\.m2\repository\org\hamcrest\hamcrest-core\2.2\hamcrest-core-2.2.jar;C:\Users\M67A201\.m2\repository\io\kotest\kotest-framework-concurrency-jvm\5.5.3\kotest-framework-concurrency-jvm-5.5.3.jar;C:\Users\M67A201\.m2\repository\org\junit\platform\junit-platform-engine\1.9.0\junit-platform-engine-1.9.0.jar;C:\Users\M67A201\.m2\repository\org\junit\platform\junit-platform-commons\1.9.0\junit-platform-commons-1.9.0.jar;C:\Users\M67A201\.m2\repository\org\apiguardian\apiguardian-api\1.1.2\apiguardian-api-1.1.2.jar;C:\Users\M67A201\.m2\repository\org\junit\platform\junit-platform-suite-api\1.9.0\junit-platform-suite-api-1.9.0.jar;C:\Users\M67A201\.m2\repository\org\junit\platform\junit-platform-launcher\1.9.0\junit-platform-launcher-1.9.0.jar;C:\Users\M67A201\.m2\repository\org\junit\jupiter\junit-jupiter-api\5.9.0\junit-jupiter-api-5.9.0.jar;C:\Users\M67A201\.m2\repository\org\junit\jupiter\junit-jupiter\5.9.0\junit-jupiter-5.9.0.jar;C:\Users\M67A201\.m2\repository\org\junit\jupiter\junit-jupiter-params\5.9.0\junit-jupiter-params-5.9.0.jar;C:\Users\M67A201\.m2\repository\org\junit\jupiter\junit-jupiter-engine\5.9.0\junit-jupiter-engine-5.9.0.jar;C:\Users\M67A201\.m2\repository\com\ninja-squad\springmockk\3.1.1\springmockk-3.1.1.jar;C:\Users\M67A201\.m2\repository\io\mockk\mockk\1.12.1\mockk-1.12.1.jar;C:\Users\M67A201\.m2\repository\io\mockk\mockk-dsl-jvm\1.12.1\mockk-dsl-jvm-1.12.1.jar;C:\Users\M67A201\.m2\repository\io\mockk\mockk-dsl\1.12.1\mockk-dsl-1.12.1.jar;C:\Users\M67A201\.m2\repository\io\mockk\mockk-common\1.12.1\mockk-common-1.12.1.jar;C:\Users\M67A201\.m2\repository\io\mockk\mockk-agent-jvm\1.12.1\mockk-agent-jvm-1.12.1.jar;C:\Users\M67A201\.m2\repository\io\mockk\mockk-agent-api\1.12.1\mockk-agent-api-1.12.1.jar;C:\Users\M67A201\.m2\repository\io\mockk\mockk-agent-common\1.12.1\mockk-agent-common-1.12.1.jar;C:\Users\M67A201\.m2\repository\org\springframework\boot\spring-boot-test\3.0.2\spring-boot-test-3.0.2.jar;C:\Users\M67A201\.m2\repository\org\springframework\spring-test\6.0.4\spring-test-6.0.4.jar;C:\Users\M67A201\.m2\repository\org\springframework\spring-context\6.0.4\spring-context-6.0.4.jar;C:\Users\M67A201\.m2\repository\org\springframework\boot\spring-boot-starter-test\3.0.2\spring-boot-starter-test-3.0.2.jar;C:\Users\M67A201\.m2\repository\org\springframework\boot\spring-boot-test-autoconfigure\3.0.2\spring-boot-test-autoconfigure-3.0.2.jar;C:\Users\M67A201\.m2\repository\com\jayway\jsonpath\json-path\2.7.0\json-path-2.7.0.jar;C:\Users\M67A201\.m2\repository\net\minidev\json-smart\2.4.8\json-smart-2.4.8.jar;C:\Users\M67A201\.m2\repository\net\minidev\accessors-smart\2.4.8\accessors-smart-2.4.8.jar;C:\Users\M67A201\.m2\repository\org\ow2\asm\asm\9.1\asm-9.1.jar;C:\Users\M67A201\.m2\repository\jakarta\xml\bind\jakarta.xml.bind-api\4.0.0\jakarta.xml.bind-api-4.0.0.jar;C:\Users\M67A201\.m2\repository\jakarta\activation\jakarta.activation-api\2.1.1\jakarta.activation-api-2.1.1.jar;C:\Users\M67A201\.m2\repository\org\assertj\assertj-core\3.23.1\assertj-core-3.23.1.jar;C:\Users\M67A201\.m2\repository\org\hamcrest\hamcrest\2.2\hamcrest-2.2.jar;C:\Users\M67A201\.m2\repository\org\mockito\mockito-core\4.8.1\mockito-core-4.8.1.jar;C:\Users\M67A201\.m2\repository\net\bytebuddy\byte-buddy-agent\1.12.22\byte-buddy-agent-1.12.22.jar;C:\Users\M67A201\.m2\repository\org\objenesis\objenesis\3.2\objenesis-3.2.jar;C:\Users\M67A201\.m2\repository\org\mockito\mockito-junit-jupiter\4.8.1\mockito-junit-jupiter-4.8.1.jar;C:\Users\M67A201\.m2\repository\org\skyscreamer\jsonassert\1.5.1\jsonassert-1.5.1.jar;C:\Users\M67A201\.m2\repository\com\vaadin\external\google\android-json\0.0.20131108.vaadin1\android-json-0.0.20131108.vaadin1.jar;C:\Users\M67A201\.m2\repository\org\xmlunit\xmlunit-core\2.9.1\xmlunit-core-2.9.1.jar;"/>
    <property name="java.vm.vendor" value="Oracle Corporation"/>
    <property name="sun.arch.data.model" value="64"/>
    <property name="user.variant" value=""/>
    <property name="java.vendor.url" value="https://java.oracle.com/"/>
    <property name="user.timezone" value="Europe/Paris"/>
    <property name="user.country.format" value="NL"/>
    <property name="os.name" value="Windows 10"/>
    <property name="java.vm.specification.version" value="17"/>
    <property name="sun.java.launcher" value="SUN_STANDARD"/>
    <property name="user.country" value="GB"/>
    <property name="sun.boot.library.path" value="C:\Users\M67A201\scoop\apps\openjdk17\current\bin"/>
    <property name="sun.java.command" value="C:\Users\M67A201\AppData\Local\Temp\surefire15185531194186074219\surefirebooter5678933981855251553.jar C:\Users\M67A201\AppData\Local\Temp\surefire15185531194186074219 2023-11-02T13-30-54_918-jvmRun1 surefire9857638225862040609tmp surefire_08551051969607488504tmp"/>
    <property name="jdk.debug" value="release"/>
    <property name="surefire.test.class.path" value="C:\Users\M67A201\Documents\training\kotlin-training-main\target\test-classes;C:\Users\M67A201\Documents\training\kotlin-training-main\target\classes;C:\Users\M67A201\.m2\repository\org\jetbrains\kotlin\kotlin-stdlib\1.7.20\kotlin-stdlib-1.7.20.jar;C:\Users\M67A201\.m2\repository\org\jetbrains\kotlin\kotlin-stdlib-common\1.7.20\kotlin-stdlib-common-1.7.20.jar;C:\Users\M67A201\.m2\repository\org\jetbrains\annotations\13.0\annotations-13.0.jar;C:\Users\M67A201\.m2\repository\org\jetbrains\kotlin\kotlin-reflect\1.7.20\kotlin-reflect-1.7.20.jar;C:\Users\M67A201\.m2\repository\org\jetbrains\kotlinx\kotlinx-coroutines-core\1.6.4\kotlinx-coroutines-core-1.6.4.jar;C:\Users\M67A201\.m2\repository\org\jetbrains\kotlinx\kotlinx-coroutines-jdk8\1.6.4\kotlinx-coroutines-jdk8-1.6.4.jar;C:\Users\M67A201\.m2\repository\org\jetbrains\kotlin\kotlin-stdlib-jdk8\1.7.20\kotlin-stdlib-jdk8-1.7.20.jar;C:\Users\M67A201\.m2\repository\org\jetbrains\kotlin\kotlin-stdlib-jdk7\1.7.20\kotlin-stdlib-jdk7-1.7.20.jar;C:\Users\M67A201\.m2\repository\org\jetbrains\kotlinx\kotlinx-coroutines-reactor\1.6.4\kotlinx-coroutines-reactor-1.6.4.jar;C:\Users\M67A201\.m2\repository\io\projectreactor\reactor-core\3.5.2\reactor-core-3.5.2.jar;C:\Users\M67A201\.m2\repository\org\jetbrains\kotlinx\kotlinx-coroutines-core-jvm\1.6.4\kotlinx-coroutines-core-jvm-1.6.4.jar;C:\Users\M67A201\.m2\repository\org\jetbrains\kotlinx\kotlinx-coroutines-reactive\1.6.4\kotlinx-coroutines-reactive-1.6.4.jar;C:\Users\M67A201\.m2\repository\org\reactivestreams\reactive-streams\1.0.4\reactive-streams-1.0.4.jar;C:\Users\M67A201\.m2\repository\org\springframework\boot\spring-boot-starter\3.0.2\spring-boot-starter-3.0.2.jar;C:\Users\M67A201\.m2\repository\org\springframework\boot\spring-boot\3.0.2\spring-boot-3.0.2.jar;C:\Users\M67A201\.m2\repository\org\springframework\boot\spring-boot-autoconfigure\3.0.2\spring-boot-autoconfigure-3.0.2.jar;C:\Users\M67A201\.m2\repository\org\springframework\boot\spring-boot-starter-logging\3.0.2\spring-boot-starter-logging-3.0.2.jar;C:\Users\M67A201\.m2\repository\ch\qos\logback\logback-classic\1.4.5\logback-classic-1.4.5.jar;C:\Users\M67A201\.m2\repository\ch\qos\logback\logback-core\1.4.5\logback-core-1.4.5.jar;C:\Users\M67A201\.m2\repository\org\apache\logging\log4j\log4j-to-slf4j\2.19.0\log4j-to-slf4j-2.19.0.jar;C:\Users\M67A201\.m2\repository\org\apache\logging\log4j\log4j-api\2.19.0\log4j-api-2.19.0.jar;C:\Users\M67A201\.m2\repository\org\slf4j\jul-to-slf4j\2.0.6\jul-to-slf4j-2.0.6.jar;C:\Users\M67A201\.m2\repository\jakarta\annotation\jakarta.annotation-api\2.1.1\jakarta.annotation-api-2.1.1.jar;C:\Users\M67A201\.m2\repository\org\springframework\spring-core\6.0.4\spring-core-6.0.4.jar;C:\Users\M67A201\.m2\repository\org\springframework\spring-jcl\6.0.4\spring-jcl-6.0.4.jar;C:\Users\M67A201\.m2\repository\org\yaml\snakeyaml\1.33\snakeyaml-1.33.jar;C:\Users\M67A201\.m2\repository\org\springframework\boot\spring-boot-starter-web\3.0.2\spring-boot-starter-web-3.0.2.jar;C:\Users\M67A201\.m2\repository\org\springframework\boot\spring-boot-starter-json\3.0.2\spring-boot-starter-json-3.0.2.jar;C:\Users\M67A201\.m2\repository\com\fasterxml\jackson\datatype\jackson-datatype-jdk8\2.14.1\jackson-datatype-jdk8-2.14.1.jar;C:\Users\M67A201\.m2\repository\com\fasterxml\jackson\datatype\jackson-datatype-jsr310\2.14.1\jackson-datatype-jsr310-2.14.1.jar;C:\Users\M67A201\.m2\repository\com\fasterxml\jackson\module\jackson-module-parameter-names\2.14.1\jackson-module-parameter-names-2.14.1.jar;C:\Users\M67A201\.m2\repository\org\springframework\boot\spring-boot-starter-tomcat\3.0.2\spring-boot-starter-tomcat-3.0.2.jar;C:\Users\M67A201\.m2\repository\org\apache\tomcat\embed\tomcat-embed-core\10.1.5\tomcat-embed-core-10.1.5.jar;C:\Users\M67A201\.m2\repository\org\apache\tomcat\embed\tomcat-embed-el\10.1.5\tomcat-embed-el-10.1.5.jar;C:\Users\M67A201\.m2\repository\org\apache\tomcat\embed\tomcat-embed-websocket\10.1.5\tomcat-embed-websocket-10.1.5.jar;C:\Users\M67A201\.m2\repository\org\springframework\spring-web\6.0.4\spring-web-6.0.4.jar;C:\Users\M67A201\.m2\repository\org\springframework\spring-beans\6.0.4\spring-beans-6.0.4.jar;C:\Users\M67A201\.m2\repository\io\micrometer\micrometer-observation\1.10.3\micrometer-observation-1.10.3.jar;C:\Users\M67A201\.m2\repository\io\micrometer\micrometer-commons\1.10.3\micrometer-commons-1.10.3.jar;C:\Users\M67A201\.m2\repository\org\springframework\spring-webmvc\6.0.4\spring-webmvc-6.0.4.jar;C:\Users\M67A201\.m2\repository\org\springframework\spring-aop\6.0.4\spring-aop-6.0.4.jar;C:\Users\M67A201\.m2\repository\org\springframework\spring-expression\6.0.4\spring-expression-6.0.4.jar;C:\Users\M67A201\.m2\repository\org\springframework\boot\spring-boot-starter-webflux\3.0.2\spring-boot-starter-webflux-3.0.2.jar;C:\Users\M67A201\.m2\repository\org\springframework\boot\spring-boot-starter-reactor-netty\3.0.2\spring-boot-starter-reactor-netty-3.0.2.jar;C:\Users\M67A201\.m2\repository\io\projectreactor\netty\reactor-netty-http\1.1.2\reactor-netty-http-1.1.2.jar;C:\Users\M67A201\.m2\repository\io\netty\netty-codec-http\4.1.87.Final\netty-codec-http-4.1.87.Final.jar;C:\Users\M67A201\.m2\repository\io\netty\netty-common\4.1.87.Final\netty-common-4.1.87.Final.jar;C:\Users\M67A201\.m2\repository\io\netty\netty-buffer\4.1.87.Final\netty-buffer-4.1.87.Final.jar;C:\Users\M67A201\.m2\repository\io\netty\netty-transport\4.1.87.Final\netty-transport-4.1.87.Final.jar;C:\Users\M67A201\.m2\repository\io\netty\netty-codec\4.1.87.Final\netty-codec-4.1.87.Final.jar;C:\Users\M67A201\.m2\repository\io\netty\netty-handler\4.1.87.Final\netty-handler-4.1.87.Final.jar;C:\Users\M67A201\.m2\repository\io\netty\netty-codec-http2\4.1.87.Final\netty-codec-http2-4.1.87.Final.jar;C:\Users\M67A201\.m2\repository\io\netty\netty-resolver-dns\4.1.87.Final\netty-resolver-dns-4.1.87.Final.jar;C:\Users\M67A201\.m2\repository\io\netty\netty-resolver\4.1.87.Final\netty-resolver-4.1.87.Final.jar;C:\Users\M67A201\.m2\repository\io\netty\netty-codec-dns\4.1.87.Final\netty-codec-dns-4.1.87.Final.jar;C:\Users\M67A201\.m2\repository\io\netty\netty-resolver-dns-native-macos\4.1.87.Final\netty-resolver-dns-native-macos-4.1.87.Final-osx-x86_64.jar;C:\Users\M67A201\.m2\repository\io\netty\netty-resolver-dns-classes-macos\4.1.87.Final\netty-resolver-dns-classes-macos-4.1.87.Final.jar;C:\Users\M67A201\.m2\repository\io\netty\netty-transport-native-epoll\4.1.87.Final\netty-transport-native-epoll-4.1.87.Final-linux-x86_64.jar;C:\Users\M67A201\.m2\repository\io\netty\netty-transport-native-unix-common\4.1.87.Final\netty-transport-native-unix-common-4.1.87.Final.jar;C:\Users\M67A201\.m2\repository\io\netty\netty-transport-classes-epoll\4.1.87.Final\netty-transport-classes-epoll-4.1.87.Final.jar;C:\Users\M67A201\.m2\repository\io\projectreactor\netty\reactor-netty-core\1.1.2\reactor-netty-core-1.1.2.jar;C:\Users\M67A201\.m2\repository\io\netty\netty-handler-proxy\4.1.87.Final\netty-handler-proxy-4.1.87.Final.jar;C:\Users\M67A201\.m2\repository\io\netty\netty-codec-socks\4.1.87.Final\netty-codec-socks-4.1.87.Final.jar;C:\Users\M67A201\.m2\repository\org\springframework\spring-webflux\6.0.4\spring-webflux-6.0.4.jar;C:\Users\M67A201\.m2\repository\com\fasterxml\jackson\core\jackson-databind\2.14.1\jackson-databind-2.14.1.jar;C:\Users\M67A201\.m2\repository\com\fasterxml\jackson\core\jackson-annotations\2.14.1\jackson-annotations-2.14.1.jar;C:\Users\M67A201\.m2\repository\com\fasterxml\jackson\core\jackson-core\2.14.1\jackson-core-2.14.1.jar;C:\Users\M67A201\.m2\repository\com\fasterxml\jackson\module\jackson-module-kotlin\2.14.1\jackson-module-kotlin-2.14.1.jar;C:\Users\M67A201\.m2\repository\com\fasterxml\jackson\dataformat\jackson-dataformat-xml\2.14.1\jackson-dataformat-xml-2.14.1.jar;C:\Users\M67A201\.m2\repository\org\codehaus\woodstox\stax2-api\4.2.1\stax2-api-4.2.1.jar;C:\Users\M67A201\.m2\repository\com\fasterxml\woodstox\woodstox-core\6.4.0\woodstox-core-6.4.0.jar;C:\Users\M67A201\.m2\repository\org\springframework\boot\spring-boot-starter-data-jpa\3.0.2\spring-boot-starter-data-jpa-3.0.2.jar;C:\Users\M67A201\.m2\repository\org\springframework\boot\spring-boot-starter-aop\3.0.2\spring-boot-starter-aop-3.0.2.jar;C:\Users\M67A201\.m2\repository\org\aspectj\aspectjweaver\1.9.19\aspectjweaver-1.9.19.jar;C:\Users\M67A201\.m2\repository\org\springframework\boot\spring-boot-starter-jdbc\3.0.2\spring-boot-starter-jdbc-3.0.2.jar;C:\Users\M67A201\.m2\repository\com\zaxxer\HikariCP\5.0.1\HikariCP-5.0.1.jar;C:\Users\M67A201\.m2\repository\org\springframework\spring-jdbc\6.0.4\spring-jdbc-6.0.4.jar;C:\Users\M67A201\.m2\repository\org\hibernate\orm\hibernate-core\6.1.6.Final\hibernate-core-6.1.6.Final.jar;C:\Users\M67A201\.m2\repository\jakarta\persistence\jakarta.persistence-api\3.1.0\jakarta.persistence-api-3.1.0.jar;C:\Users\M67A201\.m2\repository\jakarta\transaction\jakarta.transaction-api\2.0.1\jakarta.transaction-api-2.0.1.jar;C:\Users\M67A201\.m2\repository\org\jboss\logging\jboss-logging\3.5.0.Final\jboss-logging-3.5.0.Final.jar;C:\Users\M67A201\.m2\repository\org\hibernate\common\hibernate-commons-annotations\6.0.2.Final\hibernate-commons-annotations-6.0.2.Final.jar;C:\Users\M67A201\.m2\repository\org\jboss\jandex\2.4.2.Final\jandex-2.4.2.Final.jar;C:\Users\M67A201\.m2\repository\com\fasterxml\classmate\1.5.1\classmate-1.5.1.jar;C:\Users\M67A201\.m2\repository\net\bytebuddy\byte-buddy\1.12.22\byte-buddy-1.12.22.jar;C:\Users\M67A201\.m2\repository\org\glassfish\jaxb\jaxb-runtime\4.0.1\jaxb-runtime-4.0.1.jar;C:\Users\M67A201\.m2\repository\org\glassfish\jaxb\jaxb-core\4.0.1\jaxb-core-4.0.1.jar;C:\Users\M67A201\.m2\repository\org\eclipse\angus\angus-activation\1.0.0\angus-activation-1.0.0.jar;C:\Users\M67A201\.m2\repository\org\glassfish\jaxb\txw2\4.0.1\txw2-4.0.1.jar;C:\Users\M67A201\.m2\repository\com\sun\istack\istack-commons-runtime\4.1.1\istack-commons-runtime-4.1.1.jar;C:\Users\M67A201\.m2\repository\jakarta\inject\jakarta.inject-api\2.0.0\jakarta.inject-api-2.0.0.jar;C:\Users\M67A201\.m2\repository\org\antlr\antlr4-runtime\4.10.1\antlr4-runtime-4.10.1.jar;C:\Users\M67A201\.m2\repository\org\springframework\data\spring-data-jpa\3.0.1\spring-data-jpa-3.0.1.jar;C:\Users\M67A201\.m2\repository\org\springframework\data\spring-data-commons\3.0.1\spring-data-commons-3.0.1.jar;C:\Users\M67A201\.m2\repository\org\springframework\spring-orm\6.0.4\spring-orm-6.0.4.jar;C:\Users\M67A201\.m2\repository\org\springframework\spring-tx\6.0.4\spring-tx-6.0.4.jar;C:\Users\M67A201\.m2\repository\org\slf4j\slf4j-api\2.0.6\slf4j-api-2.0.6.jar;C:\Users\M67A201\.m2\repository\org\springframework\spring-aspects\6.0.4\spring-aspects-6.0.4.jar;C:\Users\M67A201\.m2\repository\org\jetbrains\kotlin\kotlin-script-runtime\1.7.20\kotlin-script-runtime-1.7.20.jar;C:\Users\M67A201\.m2\repository\com\h2database\h2\2.1.214\h2-2.1.214.jar;C:\Users\M67A201\.m2\repository\io\kotest\kotest-runner-junit5-jvm\5.5.3\kotest-runner-junit5-jvm-5.5.3.jar;C:\Users\M67A201\.m2\repository\io\kotest\kotest-framework-api-jvm\5.5.3\kotest-framework-api-jvm-5.5.3.jar;C:\Users\M67A201\.m2\repository\io\kotest\kotest-assertions-shared-jvm\5.5.3\kotest-assertions-shared-jvm-5.5.3.jar;C:\Users\M67A201\.m2\repository\io\github\java-diff-utils\java-diff-utils\4.12\java-diff-utils-4.12.jar;C:\Users\M67A201\.m2\repository\org\jetbrains\kotlinx\kotlinx-coroutines-test-jvm\1.6.4\kotlinx-coroutines-test-jvm-1.6.4.jar;C:\Users\M67A201\.m2\repository\io\kotest\kotest-common-jvm\5.5.3\kotest-common-jvm-5.5.3.jar;C:\Users\M67A201\.m2\repository\io\kotest\kotest-framework-engine-jvm\5.5.3\kotest-framework-engine-jvm-5.5.3.jar;C:\Users\M67A201\.m2\repository\io\github\classgraph\classgraph\4.8.149\classgraph-4.8.149.jar;C:\Users\M67A201\.m2\repository\com\github\ajalt\mordant\1.2.1\mordant-1.2.1.jar;C:\Users\M67A201\.m2\repository\com\github\ajalt\colormath\1.2.0\colormath-1.2.0.jar;C:\Users\M67A201\.m2\repository\org\opentest4j\opentest4j\1.2.0\opentest4j-1.2.0.jar;C:\Users\M67A201\.m2\repository\org\jetbrains\kotlinx\kotlinx-coroutines-debug\1.6.4\kotlinx-coroutines-debug-1.6.4.jar;C:\Users\M67A201\.m2\repository\net\java\dev\jna\jna\5.9.0\jna-5.9.0.jar;C:\Users\M67A201\.m2\repository\net\java\dev\jna\jna-platform\5.9.0\jna-platform-5.9.0.jar;C:\Users\M67A201\.m2\repository\io\kotest\kotest-framework-discovery-jvm\5.5.3\kotest-framework-discovery-jvm-5.5.3.jar;C:\Users\M67A201\.m2\repository\io\kotest\kotest-assertions-core-jvm\5.5.3\kotest-assertions-core-jvm-5.5.3.jar;C:\Users\M67A201\.m2\repository\io\kotest\kotest-assertions-api-jvm\5.5.3\kotest-assertions-api-jvm-5.5.3.jar;C:\Users\M67A201\.m2\repository\io\kotest\kotest-extensions-jvm\5.5.3\kotest-extensions-jvm-5.5.3.jar;C:\Users\M67A201\.m2\repository\commons-io\commons-io\2.11.0\commons-io-2.11.0.jar;C:\Users\M67A201\.m2\repository\io\mockk\mockk-jvm\1.13.1\mockk-jvm-1.13.1.jar;C:\Users\M67A201\.m2\repository\io\mockk\mockk-agent-api-jvm\1.13.1\mockk-agent-api-jvm-1.13.1.jar;C:\Users\M67A201\.m2\repository\io\mockk\mockk-core-jvm\1.13.1\mockk-core-jvm-1.13.1.jar;C:\Users\M67A201\.m2\repository\junit\junit\4.13.2\junit-4.13.2.jar;C:\Users\M67A201\.m2\repository\org\hamcrest\hamcrest-core\2.2\hamcrest-core-2.2.jar;C:\Users\M67A201\.m2\repository\io\kotest\kotest-framework-concurrency-jvm\5.5.3\kotest-framework-concurrency-jvm-5.5.3.jar;C:\Users\M67A201\.m2\repository\org\junit\platform\junit-platform-engine\1.9.0\junit-platform-engine-1.9.0.jar;C:\Users\M67A201\.m2\repository\org\junit\platform\junit-platform-commons\1.9.0\junit-platform-commons-1.9.0.jar;C:\Users\M67A201\.m2\repository\org\apiguardian\apiguardian-api\1.1.2\apiguardian-api-1.1.2.jar;C:\Users\M67A201\.m2\repository\org\junit\platform\junit-platform-suite-api\1.9.0\junit-platform-suite-api-1.9.0.jar;C:\Users\M67A201\.m2\repository\org\junit\platform\junit-platform-launcher\1.9.0\junit-platform-launcher-1.9.0.jar;C:\Users\M67A201\.m2\repository\org\junit\jupiter\junit-jupiter-api\5.9.0\junit-jupiter-api-5.9.0.jar;C:\Users\M67A201\.m2\repository\org\junit\jupiter\junit-jupiter\5.9.0\junit-jupiter-5.9.0.jar;C:\Users\M67A201\.m2\repository\org\junit\jupiter\junit-jupiter-params\5.9.0\junit-jupiter-params-5.9.0.jar;C:\Users\M67A201\.m2\repository\org\junit\jupiter\junit-jupiter-engine\5.9.0\junit-jupiter-engine-5.9.0.jar;C:\Users\M67A201\.m2\repository\com\ninja-squad\springmockk\3.1.1\springmockk-3.1.1.jar;C:\Users\M67A201\.m2\repository\io\mockk\mockk\1.12.1\mockk-1.12.1.jar;C:\Users\M67A201\.m2\repository\io\mockk\mockk-dsl-jvm\1.12.1\mockk-dsl-jvm-1.12.1.jar;C:\Users\M67A201\.m2\repository\io\mockk\mockk-dsl\1.12.1\mockk-dsl-1.12.1.jar;C:\Users\M67A201\.m2\repository\io\mockk\mockk-common\1.12.1\mockk-common-1.12.1.jar;C:\Users\M67A201\.m2\repository\io\mockk\mockk-agent-jvm\1.12.1\mockk-agent-jvm-1.12.1.jar;C:\Users\M67A201\.m2\repository\io\mockk\mockk-agent-api\1.12.1\mockk-agent-api-1.12.1.jar;C:\Users\M67A201\.m2\repository\io\mockk\mockk-agent-common\1.12.1\mockk-agent-common-1.12.1.jar;C:\Users\M67A201\.m2\repository\org\springframework\boot\spring-boot-test\3.0.2\spring-boot-test-3.0.2.jar;C:\Users\M67A201\.m2\repository\org\springframework\spring-test\6.0.4\spring-test-6.0.4.jar;C:\Users\M67A201\.m2\repository\org\springframework\spring-context\6.0.4\spring-context-6.0.4.jar;C:\Users\M67A201\.m2\repository\org\springframework\boot\spring-boot-starter-test\3.0.2\spring-boot-starter-test-3.0.2.jar;C:\Users\M67A201\.m2\repository\org\springframework\boot\spring-boot-test-autoconfigure\3.0.2\spring-boot-test-autoconfigure-3.0.2.jar;C:\Users\M67A201\.m2\repository\com\jayway\jsonpath\json-path\2.7.0\json-path-2.7.0.jar;C:\Users\M67A201\.m2\repository\net\minidev\json-smart\2.4.8\json-smart-2.4.8.jar;C:\Users\M67A201\.m2\repository\net\minidev\accessors-smart\2.4.8\accessors-smart-2.4.8.jar;C:\Users\M67A201\.m2\repository\org\ow2\asm\asm\9.1\asm-9.1.jar;C:\Users\M67A201\.m2\repository\jakarta\xml\bind\jakarta.xml.bind-api\4.0.0\jakarta.xml.bind-api-4.0.0.jar;C:\Users\M67A201\.m2\repository\jakarta\activation\jakarta.activation-api\2.1.1\jakarta.activation-api-2.1.1.jar;C:\Users\M67A201\.m2\repository\org\assertj\assertj-core\3.23.1\assertj-core-3.23.1.jar;C:\Users\M67A201\.m2\repository\org\hamcrest\hamcrest\2.2\hamcrest-2.2.jar;C:\Users\M67A201\.m2\repository\org\mockito\mockito-core\4.8.1\mockito-core-4.8.1.jar;C:\Users\M67A201\.m2\repository\net\bytebuddy\byte-buddy-agent\1.12.22\byte-buddy-agent-1.12.22.jar;C:\Users\M67A201\.m2\repository\org\objenesis\objenesis\3.2\objenesis-3.2.jar;C:\Users\M67A201\.m2\repository\org\mockito\mockito-junit-jupiter\4.8.1\mockito-junit-jupiter-4.8.1.jar;C:\Users\M67A201\.m2\repository\org\skyscreamer\jsonassert\1.5.1\jsonassert-1.5.1.jar;C:\Users\M67A201\.m2\repository\com\vaadin\external\google\android-json\0.0.20131108.vaadin1\android-json-0.0.20131108.vaadin1.jar;C:\Users\M67A201\.m2\repository\org\xmlunit\xmlunit-core\2.9.1\xmlunit-core-2.9.1.jar;"/>
    <property name="sun.cpu.endian" value="little"/>
    <property name="user.home" value="C:\Users\M67A201"/>
    <property name="user.language" value="en"/>
    <property name="java.specification.vendor" value="Oracle Corporation"/>
    <property name="java.version.date" value="2022-01-18"/>
    <property name="java.home" value="C:\Users\M67A201\scoop\apps\openjdk17\current"/>
    <property name="file.separator" value="\"/>
    <property name="basedir" value="C:\Users\M67A201\Documents\training\kotlin-training-main"/>
    <property name="java.vm.compressedOopsMode" value="Zero based"/>
    <property name="line.separator" value="&#10;"/>
    <property name="java.vm.specification.vendor" value="Oracle Corporation"/>
    <property name="java.specification.name" value="Java Platform API Specification"/>
    <property name="surefire.real.class.path" value="C:\Users\M67A201\AppData\Local\Temp\surefire15185531194186074219\surefirebooter5678933981855251553.jar"/>
    <property name="user.script" value=""/>
    <property name="sun.management.compiler" value="HotSpot 64-Bit Tiered Compilers"/>
    <property name="java.runtime.version" value="17.0.2+8-86"/>
    <property name="user.name" value="M67A201"/>
    <property name="path.separator" value=";"/>
    <property name="os.version" value="10.0"/>
    <property name="java.runtime.name" value="OpenJDK Runtime Environment"/>
    <property name="file.encoding" value="Cp1252"/>
    <property name="java.vm.name" value="OpenJDK 64-Bit Server VM"/>
    <property name="localRepository" value="C:\Users\M67A201\.m2\repository"/>
    <property name="java.vendor.url.bug" value="https://bugreport.java.com/bugreport/"/>
    <property name="java.io.tmpdir" value="C:\Users\M67A201\AppData\Local\Temp\"/>
    <property name="idea.version" value="2023.2.4"/>
    <property name="java.version" value="17.0.2"/>
    <property name="user.dir" value="C:\Users\M67A201\Documents\training\kotlin-training-main"/>
    <property name="os.arch" value="amd64"/>
    <property name="java.vm.specification.name" value="Java Virtual Machine Specification"/>
    <property name="sun.os.patch.level" value=""/>
    <property name="native.encoding" value="Cp1252"/>
    <property name="java.library.path" value="C:\Users\M67A201\scoop\apps\openjdk17\current\bin;C:\Windows\Sun\Java\bin;C:\Windows\system32;C:\Windows;C:\Windows\system32;C:\Windows;C:\Windows\System32\Wbem;C:\Windows\System32\WindowsPowerShell\v1.0\;C:\Windows\System32\OpenSSH\;C:\Program Files (x86)\Pulse Secure\VC142.CRT\X64\;C:\Program Files (x86)\Pulse Secure\VC142.CRT\X86\;C:\Program Files (x86)\Common Files\Pulse Secure\TNC Client Plugin\;C:\Users\M67A201\scoop\apps\openjdk17\current\bin;C:\Users\M67A201\scoop\apps\nodejs-lts\current\bin;C:\Users\M67A201\scoop\apps\nodejs-lts\current;C:\Users\M67A201\scoop\apps\maven\current\bin;C:\Users\M67A201\scoop\shims;C:\Users\M67A201\AppData\Local\Microsoft\WindowsApps;C:\Users\M67A201\AppData\Local\Programs\Microsoft VS Code\bin;C:\Users\M67A201\AppData\Local\Programs\Git\cmd;."/>
    <property name="java.vm.info" value="mixed mode, sharing"/>
    <property name="java.vendor" value="Oracle Corporation"/>
    <property name="java.vm.version" value="17.0.2+8-86"/>
    <property name="sun.io.unicode.encoding" value="UnicodeLittle"/>
    <property name="java.class.version" value="61.0"/>
  </properties>
  <testcase name="" classname="org.course.challenge05.GenericsExerciseTest" time="0.005">
    <error type="java.lang.IllegalArgumentException"><![CDATA[java.lang.IllegalArgumentException: No animal is no animal!!!
Caused by: java.lang.IllegalArgumentException: No animal is no animal!!!
]]></error>
  </testcase>
  <testcase name="" classname="org.course.challenge05.GenericsExerciseTest" time="0.186">
    <error type="kotlin.NotImplementedError"><![CDATA[kotlin.NotImplementedError: An operation is not implemented: uncomment next lines 
Caused by: kotlin.NotImplementedError: An operation is not implemented: uncomment next lines 
]]></error>
  </testcase>
</testsuite>